# JRE version: Java(TM) SE Runtime Environment (8.0_25-b18) (build 1.8.0_25-b18)
# Java VM: Java HotSpot(TM) 64-Bit Server VM (25.25-b02 mixed mode windows-amd64 compressed oops)
Heap:
 PSYoungGen      total 377856K, used 60398K [0x00000000d5580000, 0x00000000f3600000, 0x0000000100000000)
  eden space 317440K, 0% used [0x00000000d5580000,0x00000000d5580000,0x00000000e8b80000)
  from space 60416K, 99% used [0x00000000ed500000,0x00000000f0ffb8b8,0x00000000f1000000)
  to   space 75264K, 0% used [0x00000000e8b80000,0x00000000e8b80000,0x00000000ed500000)
 ParOldGen       total 157696K, used 134461K [0x0000000080000000, 0x0000000089a00000, 0x00000000d5580000)
  object space 157696K, 85% used [0x0000000080000000,0x000000008834f400,0x0000000089a00000)
 Metaspace       used 6567K, capacity 7320K, committed 7680K, reserved 1056768K
  class space    used 614K, capacity 656K, committed 768K, reserved 1048576K
GC Heap History (10 events):
Event: 5.139 GC heap after
Heap after GC invocations=10 (full 1):
 PSYoungGen      total 273920K, used 27107K [0x00000000d5580000, 0x00000000ecb00000, 0x0000000100000000)
  eden space 246784K, 0% used [0x00000000d5580000,0x00000000d5580000,0x00000000e4680000)
  from space 27136K, 99% used [0x00000000e4680000,0x00000000e60f8c20,0x00000000e6100000)
  to   space 38912K, 0% used [0x00000000ea500000,0x00000000ea500000,0x00000000ecb00000)
 ParOldGen       total 82944K, used 60841K [0x0000000080000000, 0x0000000085100000, 0x00000000d5580000)
  object space 82944K, 73% used [0x0000000080000000,0x0000000083b6a408,0x0000000085100000)
 Metaspace       used 6534K, capacity 7320K, committed 7680K, reserved 1056768K
  class space    used 613K, capacity 656K, committed 768K, reserved 1048576K
}
Event: 6.408 GC heap before
{Heap before GC invocations=11 (full 1):
 PSYoungGen      total 273920K, used 273891K [0x00000000d5580000, 0x00000000ecb00000, 0x0000000100000000)
  eden space 246784K, 100% used [0x00000000d5580000,0x00000000e4680000,0x00000000e4680000)
  from space 27136K, 99% used [0x00000000e4680000,0x00000000e60f8c20,0x00000000e6100000)
  to   space 38912K, 0% used [0x00000000ea500000,0x00000000ea500000,0x00000000ecb00000)
 ParOldGen       total 82944K, used 60841K [0x0000000080000000, 0x0000000085100000, 0x00000000d5580000)
  object space 82944K, 73% used [0x0000000080000000,0x0000000083b6a408,0x0000000085100000)
 Metaspace       used 6546K, capacity 7320K, committed 7680K, reserved 1056768K
  class space    used 613K, capacity 656K, committed 768K, reserved 1048576K
Event: 6.527 GC heap after
Heap after GC invocations=11 (full 1):
 PSYoungGen      total 326656K, used 38897K [0x00000000d5580000, 0x00000000eef80000, 0x0000000100000000)
  eden space 287744K, 0% used [0x00000000d5580000,0x00000000d5580000,0x00000000e6e80000)
  from space 38912K, 99% used [0x00000000ea500000,0x00000000ecafc7d8,0x00000000ecb00000)
  to   space 55808K, 0% used [0x00000000e6e80000,0x00000000e6e80000,0x00000000ea500000)
 ParOldGen       total 87552K, used 87343K [0x0000000080000000, 0x0000000085580000, 0x00000000d5580000)
  object space 87552K, 99% used [0x0000000080000000,0x000000008554bce8,0x0000000085580000)
 Metaspace       used 6546K, capacity 7320K, committed 7680K, reserved 1056768K
  class space    used 613K, capacity 656K, committed 768K, reserved 1048576K
}
Event: 6.527 GC heap before
{Heap before GC invocations=12 (full 2):
 PSYoungGen      total 326656K, used 38897K [0x00000000d5580000, 0x00000000eef80000, 0x0000000100000000)
  eden space 287744K, 0% used [0x00000000d5580000,0x00000000d5580000,0x00000000e6e80000)
  from space 38912K, 99% used [0x00000000ea500000,0x00000000ecafc7d8,0x00000000ecb00000)
  to   space 55808K, 0% used [0x00000000e6e80000,0x00000000e6e80000,0x00000000ea500000)
 ParOldGen       total 87552K, used 87343K [0x0000000080000000, 0x0000000085580000, 0x00000000d5580000)
  object space 87552K, 99% used [0x0000000080000000,0x000000008554bce8,0x0000000085580000)
 Metaspace       used 6546K, capacity 7320K, committed 7680K, reserved 1056768K
  class space    used 613K, capacity 656K, committed 768K, reserved 1048576K
Event: 7.678 GC heap after
Heap after GC invocations=12 (full 2):
 PSYoungGen      total 326656K, used 35191K [0x00000000d5580000, 0x00000000eef80000, 0x0000000100000000)
  eden space 287744K, 0% used [0x00000000d5580000,0x00000000d5580000,0x00000000e6e80000)
  from space 38912K, 90% used [0x00000000ea500000,0x00000000ec75df08,0x00000000ecb00000)
  to   space 55808K, 0% used [0x00000000e6e80000,0x00000000e6e80000,0x00000000ea500000)
 ParOldGen       total 157696K, used 87410K [0x0000000080000000, 0x0000000089a00000, 0x00000000d5580000)
  object space 157696K, 55% used [0x0000000080000000,0x000000008555cb90,0x0000000089a00000)
 Metaspace       used 6546K, capacity 7320K, committed 7680K, reserved 1056768K
  class space    used 613K, capacity 656K, committed 768K, reserved 1048576K
}
Event: 9.018 GC heap before
{Heap before GC invocations=13 (full 2):
 PSYoungGen      total 326656K, used 322935K [0x00000000d5580000, 0x00000000eef80000, 0x0000000100000000)
  eden space 287744K, 100% used [0x00000000d5580000,0x00000000e6e80000,0x00000000e6e80000)
  from space 38912K, 90% used [0x00000000ea500000,0x00000000ec75df08,0x00000000ecb00000)
  to   space 55808K, 0% used [0x00000000e6e80000,0x00000000e6e80000,0x00000000ea500000)
 ParOldGen       total 157696K, used 87410K [0x0000000080000000, 0x0000000089a00000, 0x00000000d5580000)
  object space 157696K, 55% used [0x0000000080000000,0x000000008555cb90,0x0000000089a00000)
 Metaspace       used 6557K, capacity 7320K, committed 7680K, reserved 1056768K
  class space    used 613K, capacity 656K, committed 768K, reserved 1048576K
Event: 9.202 GC heap after
Heap after GC invocations=13 (full 2):
 PSYoungGen      total 343552K, used 41385K [0x00000000d5580000, 0x00000000f1000000, 0x0000000100000000)
  eden space 287744K, 0% used [0x00000000d5580000,0x00000000d5580000,0x00000000e6e80000)
  from space 55808K, 74% used [0x00000000e6e80000,0x00000000e96ea6f0,0x00000000ea500000)
  to   space 60416K, 0% used [0x00000000ed500000,0x00000000ed500000,0x00000000f1000000)
 ParOldGen       total 157696K, used 122701K [0x0000000080000000, 0x0000000089a00000, 0x00000000d5580000)
  object space 157696K, 77% used [0x0000000080000000,0x00000000877d35f0,0x0000000089a00000)
 Metaspace       used 6557K, capacity 7320K, committed 7680K, reserved 1056768K
  class space    used 613K, capacity 656K, committed 768K, reserved 1048576K
}
Event: 10.170 GC heap before
{Heap before GC invocations=14 (full 2):
 PSYoungGen      total 343552K, used 329129K [0x00000000d5580000, 0x00000000f1000000, 0x0000000100000000)
  eden space 287744K, 100% used [0x00000000d5580000,0x00000000e6e80000,0x00000000e6e80000)
  from space 55808K, 74% used [0x00000000e6e80000,0x00000000e96ea6f0,0x00000000ea500000)
  to   space 60416K, 0% used [0x00000000ed500000,0x00000000ed500000,0x00000000f1000000)
 ParOldGen       total 157696K, used 122701K [0x0000000080000000, 0x0000000089a00000, 0x00000000d5580000)
  object space 157696K, 77% used [0x0000000080000000,0x00000000877d35f0,0x0000000089a00000)
 Metaspace       used 6567K, capacity 7320K, committed 7680K, reserved 1056768K
  class space    used 614K, capacity 656K, committed 768K, reserved 1048576K
Event: 10.334 GC heap after
Heap after GC invocations=14 (full 2):
 PSYoungGen      total 377856K, used 60398K [0x00000000d5580000, 0x00000000f3600000, 0x0000000100000000)
  eden space 317440K, 0% used [0x00000000d5580000,0x00000000d5580000,0x00000000e8b80000)
  from space 60416K, 99% used [0x00000000ed500000,0x00000000f0ffb8b8,0x00000000f1000000)
  to   space 75264K, 0% used [0x00000000e8b80000,0x00000000e8b80000,0x00000000ed500000)
 ParOldGen       total 157696K, used 134461K [0x0000000080000000, 0x0000000089a00000, 0x00000000d5580000)
  object space 157696K, 85% used [0x0000000080000000,0x000000008834f400,0x0000000089a00000)
 Metaspace       used 6567K, capacity 7320K, committed 7680K, reserved 1056768K
  class space    used 614K, capacity 656K, committed 768K, reserved 1048576K
}
Event: 10.334 GC heap before
{Heap before GC invocations=15 (full 3):
 PSYoungGen      total 377856K, used 60398K [0x00000000d5580000, 0x00000000f3600000, 0x0000000100000000)
  eden space 317440K, 0% used [0x00000000d5580000,0x00000000d5580000,0x00000000e8b80000)
  from space 60416K, 99% used [0x00000000ed500000,0x00000000f0ffb8b8,0x00000000f1000000)
  to   space 75264K, 0% used [0x00000000e8b80000,0x00000000e8b80000,0x00000000ed500000)
 ParOldGen       total 157696K, used 134461K [0x0000000080000000, 0x0000000089a00000, 0x00000000d5580000)
  object space 157696K, 85% used [0x0000000080000000,0x000000008834f400,0x0000000089a00000)
 Metaspace       used 6567K, capacity 7320K, committed 7680K, reserved 1056768K
  class space    used 614K, capacity 656K, committed 768K, reserved 1048576K

