# JRE version: Java(TM) SE Runtime Environment (8.0_25-b18) (build 1.8.0_25-b18)
# Java VM: Java HotSpot(TM) 64-Bit Server VM (25.25-b02 mixed mode windows-amd64 compressed oops)
Heap:
 PSYoungGen      total 461312K, used 349184K [0x00000000d5580000, 0x00000000f8700000, 0x0000000100000000)
  eden space 349184K, 100% used [0x00000000d5580000,0x00000000eaa80000,0x00000000eaa80000)
  from space 112128K, 0% used [0x00000000eaa80000,0x00000000eaa80000,0x00000000f1800000)
  to   space 113664K, 0% used [0x00000000f1800000,0x00000000f1800000,0x00000000f8700000)
 ParOldGen       total 454144K, used 453791K [0x0000000080000000, 0x000000009bb80000, 0x00000000d5580000)
  object space 454144K, 99% used [0x0000000080000000,0x000000009bb27c18,0x000000009bb80000)
 Metaspace       used 6633K, capacity 7384K, committed 7680K, reserved 1056768K
  class space    used 617K, capacity 656K, committed 768K, reserved 1048576K
GC Heap History (10 events):
Event: 115.757 GC heap after
Heap after GC invocations=41 (full 20):
 PSYoungGen      total 461312K, used 346385K [0x00000000d5580000, 0x00000000f8700000, 0x0000000100000000)
  eden space 349184K, 99% used [0x00000000d5580000,0x00000000ea7c47d0,0x00000000eaa80000)
  from space 112128K, 0% used [0x00000000eaa80000,0x00000000eaa80000,0x00000000f1800000)
  to   space 113664K, 0% used [0x00000000f1800000,0x00000000f1800000,0x00000000f8700000)
 ParOldGen       total 454144K, used 453792K [0x0000000080000000, 0x000000009bb80000, 0x00000000d5580000)
  object space 454144K, 99% used [0x0000000080000000,0x000000009bb28358,0x000000009bb80000)
 Metaspace       used 6633K, capacity 7384K, committed 7680K, reserved 1056768K
  class space    used 617K, capacity 656K, committed 768K, reserved 1048576K
}
Event: 115.765 GC heap before
{Heap before GC invocations=42 (full 21):
 PSYoungGen      total 461312K, used 349184K [0x00000000d5580000, 0x00000000f8700000, 0x0000000100000000)
  eden space 349184K, 100% used [0x00000000d5580000,0x00000000eaa80000,0x00000000eaa80000)
  from space 112128K, 0% used [0x00000000eaa80000,0x00000000eaa80000,0x00000000f1800000)
  to   space 113664K, 0% used [0x00000000f1800000,0x00000000f1800000,0x00000000f8700000)
 ParOldGen       total 454144K, used 453792K [0x0000000080000000, 0x000000009bb80000, 0x00000000d5580000)
  object space 454144K, 99% used [0x0000000080000000,0x000000009bb28358,0x000000009bb80000)
 Metaspace       used 6633K, capacity 7384K, committed 7680K, reserved 1056768K
  class space    used 617K, capacity 656K, committed 768K, reserved 1048576K
Event: 118.008 GC heap after
Heap after GC invocations=42 (full 21):
 PSYoungGen      total 461312K, used 346732K [0x00000000d5580000, 0x00000000f8700000, 0x0000000100000000)
  eden space 349184K, 99% used [0x00000000d5580000,0x00000000ea81b020,0x00000000eaa80000)
  from space 112128K, 0% used [0x00000000eaa80000,0x00000000eaa80000,0x00000000f1800000)
  to   space 113664K, 0% used [0x00000000f1800000,0x00000000f1800000,0x00000000f8700000)
 ParOldGen       total 454144K, used 453792K [0x0000000080000000, 0x000000009bb80000, 0x00000000d5580000)
  object space 454144K, 99% used [0x0000000080000000,0x000000009bb281d8,0x000000009bb80000)
 Metaspace       used 6633K, capacity 7384K, committed 7680K, reserved 1056768K
  class space    used 617K, capacity 656K, committed 768K, reserved 1048576K
}
Event: 118.015 GC heap before
{Heap before GC invocations=43 (full 22):
 PSYoungGen      total 461312K, used 349184K [0x00000000d5580000, 0x00000000f8700000, 0x0000000100000000)
  eden space 349184K, 100% used [0x00000000d5580000,0x00000000eaa80000,0x00000000eaa80000)
  from space 112128K, 0% used [0x00000000eaa80000,0x00000000eaa80000,0x00000000f1800000)
  to   space 113664K, 0% used [0x00000000f1800000,0x00000000f1800000,0x00000000f8700000)
 ParOldGen       total 454144K, used 453792K [0x0000000080000000, 0x000000009bb80000, 0x00000000d5580000)
  object space 454144K, 99% used [0x0000000080000000,0x000000009bb281d8,0x000000009bb80000)
 Metaspace       used 6633K, capacity 7384K, committed 7680K, reserved 1056768K
  class space    used 617K, capacity 656K, committed 768K, reserved 1048576K
Event: 119.505 GC heap after
Heap after GC invocations=43 (full 22):
 PSYoungGen      total 461312K, used 347918K [0x00000000d5580000, 0x00000000f8700000, 0x0000000100000000)
  eden space 349184K, 99% used [0x00000000d5580000,0x00000000ea943b38,0x00000000eaa80000)
  from space 112128K, 0% used [0x00000000eaa80000,0x00000000eaa80000,0x00000000f1800000)
  to   space 113664K, 0% used [0x00000000f1800000,0x00000000f1800000,0x00000000f8700000)
 ParOldGen       total 454144K, used 453792K [0x0000000080000000, 0x000000009bb80000, 0x00000000d5580000)
  object space 454144K, 99% used [0x0000000080000000,0x000000009bb281d8,0x000000009bb80000)
 Metaspace       used 6633K, capacity 7384K, committed 7680K, reserved 1056768K
  class space    used 617K, capacity 656K, committed 768K, reserved 1048576K
}
Event: 119.509 GC heap before
{Heap before GC invocations=44 (full 23):
 PSYoungGen      total 461312K, used 349184K [0x00000000d5580000, 0x00000000f8700000, 0x0000000100000000)
  eden space 349184K, 100% used [0x00000000d5580000,0x00000000eaa80000,0x00000000eaa80000)
  from space 112128K, 0% used [0x00000000eaa80000,0x00000000eaa80000,0x00000000f1800000)
  to   space 113664K, 0% used [0x00000000f1800000,0x00000000f1800000,0x00000000f8700000)
 ParOldGen       total 454144K, used 453792K [0x0000000080000000, 0x000000009bb80000, 0x00000000d5580000)
  object space 454144K, 99% used [0x0000000080000000,0x000000009bb281d8,0x000000009bb80000)
 Metaspace       used 6633K, capacity 7384K, committed 7680K, reserved 1056768K
  class space    used 617K, capacity 656K, committed 768K, reserved 1048576K
Event: 121.807 GC heap after
Heap after GC invocations=44 (full 23):
 PSYoungGen      total 461312K, used 346457K [0x00000000d5580000, 0x00000000f8700000, 0x0000000100000000)
  eden space 349184K, 99% used [0x00000000d5580000,0x00000000ea7d6610,0x00000000eaa80000)
  from space 112128K, 0% used [0x00000000eaa80000,0x00000000eaa80000,0x00000000f1800000)
  to   space 113664K, 0% used [0x00000000f1800000,0x00000000f1800000,0x00000000f8700000)
 ParOldGen       total 454144K, used 453792K [0x0000000080000000, 0x000000009bb80000, 0x00000000d5580000)
  object space 454144K, 99% used [0x0000000080000000,0x000000009bb280f8,0x000000009bb80000)
 Metaspace       used 6633K, capacity 7384K, committed 7680K, reserved 1056768K
  class space    used 617K, capacity 656K, committed 768K, reserved 1048576K
}
Event: 121.818 GC heap before
{Heap before GC invocations=45 (full 24):
 PSYoungGen      total 461312K, used 349184K [0x00000000d5580000, 0x00000000f8700000, 0x0000000100000000)
  eden space 349184K, 100% used [0x00000000d5580000,0x00000000eaa80000,0x00000000eaa80000)
  from space 112128K, 0% used [0x00000000eaa80000,0x00000000eaa80000,0x00000000f1800000)
  to   space 113664K, 0% used [0x00000000f1800000,0x00000000f1800000,0x00000000f8700000)
 ParOldGen       total 454144K, used 453792K [0x0000000080000000, 0x000000009bb80000, 0x00000000d5580000)
  object space 454144K, 99% used [0x0000000080000000,0x000000009bb280f8,0x000000009bb80000)
 Metaspace       used 6633K, capacity 7384K, committed 7680K, reserved 1056768K
  class space    used 617K, capacity 656K, committed 768K, reserved 1048576K
Event: 124.199 GC heap after
Heap after GC invocations=45 (full 24):
 PSYoungGen      total 461312K, used 347477K [0x00000000d5580000, 0x00000000f8700000, 0x0000000100000000)
  eden space 349184K, 99% used [0x00000000d5580000,0x00000000ea8d5550,0x00000000eaa80000)
  from space 112128K, 0% used [0x00000000eaa80000,0x00000000eaa80000,0x00000000f1800000)
  to   space 113664K, 0% used [0x00000000f1800000,0x00000000f1800000,0x00000000f8700000)
 ParOldGen       total 454144K, used 453791K [0x0000000080000000, 0x000000009bb80000, 0x00000000d5580000)
  object space 454144K, 99% used [0x0000000080000000,0x000000009bb27c18,0x000000009bb80000)
 Metaspace       used 6633K, capacity 7384K, committed 7680K, reserved 1056768K
  class space    used 617K, capacity 656K, committed 768K, reserved 1048576K
}
Event: 124.205 GC heap before
{Heap before GC invocations=46 (full 25):
 PSYoungGen      total 461312K, used 349184K [0x00000000d5580000, 0x00000000f8700000, 0x0000000100000000)
  eden space 349184K, 100% used [0x00000000d5580000,0x00000000eaa80000,0x00000000eaa80000)
  from space 112128K, 0% used [0x00000000eaa80000,0x00000000eaa80000,0x00000000f1800000)
  to   space 113664K, 0% used [0x00000000f1800000,0x00000000f1800000,0x00000000f8700000)
 ParOldGen       total 454144K, used 453791K [0x0000000080000000, 0x000000009bb80000, 0x00000000d5580000)
  object space 454144K, 99% used [0x0000000080000000,0x000000009bb27c18,0x000000009bb80000)
 Metaspace       used 6633K, capacity 7384K, committed 7680K, reserved 1056768K
  class space    used 617K, capacity 656K, committed 768K, reserved 1048576K

