# JRE version: Java(TM) SE Runtime Environment (8.0_25-b18) (build 1.8.0_25-b18)
# Java VM: Java HotSpot(TM) 64-Bit Server VM (25.25-b02 mixed mode windows-amd64 compressed oops)
Heap:
 PSYoungGen      total 327680K, used 288256K [0x00000000d5580000, 0x00000000ef480000, 0x0000000100000000)
  eden space 288256K, 100% used [0x00000000d5580000,0x00000000e6f00000,0x00000000e6f00000)
  from space 39424K, 0% used [0x00000000ea580000,0x00000000ea580000,0x00000000ecc00000)
  to   space 55808K, 0% used [0x00000000e6f00000,0x00000000e6f00000,0x00000000ea580000)
 ParOldGen       total 87040K, used 86743K [0x0000000080000000, 0x0000000085500000, 0x00000000d5580000)
  object space 87040K, 99% used [0x0000000080000000,0x00000000854b5e68,0x0000000085500000)
 Metaspace       used 6594K, capacity 7320K, committed 7680K, reserved 1056768K
  class space    used 614K, capacity 656K, committed 768K, reserved 1048576K
GC Heap History (10 events):
Event: 7.503 GC heap after
Heap after GC invocations=12 (full 2):
 PSYoungGen      total 327680K, used 34039K [0x00000000d5580000, 0x00000000ef480000, 0x0000000100000000)
  eden space 288256K, 0% used [0x00000000d5580000,0x00000000d5580000,0x00000000e6f00000)
  from space 39424K, 86% used [0x00000000ea580000,0x00000000ec6bdfc8,0x00000000ecc00000)
  to   space 55808K, 0% used [0x00000000e6f00000,0x00000000e6f00000,0x00000000ea580000)
 ParOldGen       total 87040K, used 86695K [0x0000000080000000, 0x0000000085500000, 0x00000000d5580000)
  object space 87040K, 99% used [0x0000000080000000,0x00000000854a9f68,0x0000000085500000)
 Metaspace       used 6552K, capacity 7320K, committed 7680K, reserved 1056768K
  class space    used 614K, capacity 656K, committed 768K, reserved 1048576K
}
Event: 8.726 GC heap before
{Heap before GC invocations=13 (full 3):
 PSYoungGen      total 327680K, used 322295K [0x00000000d5580000, 0x00000000ef480000, 0x0000000100000000)
  eden space 288256K, 100% used [0x00000000d5580000,0x00000000e6f00000,0x00000000e6f00000)
  from space 39424K, 86% used [0x00000000ea580000,0x00000000ec6bdfc8,0x00000000ecc00000)
  to   space 55808K, 0% used [0x00000000e6f00000,0x00000000e6f00000,0x00000000ea580000)
 ParOldGen       total 87040K, used 86695K [0x0000000080000000, 0x0000000085500000, 0x00000000d5580000)
  object space 87040K, 99% used [0x0000000080000000,0x00000000854a9f68,0x0000000085500000)
 Metaspace       used 6584K, capacity 7320K, committed 7680K, reserved 1056768K
  class space    used 614K, capacity 656K, committed 768K, reserved 1048576K
Event: 9.628 GC heap after
Heap after GC invocations=13 (full 3):
 PSYoungGen      total 327680K, used 73502K [0x00000000d5580000, 0x00000000ef480000, 0x0000000100000000)
  eden space 288256K, 25% used [0x00000000d5580000,0x00000000d9d47a88,0x00000000e6f00000)
  from space 39424K, 0% used [0x00000000ea580000,0x00000000ea580000,0x00000000ecc00000)
  to   space 55808K, 0% used [0x00000000e6f00000,0x00000000e6f00000,0x00000000ea580000)
 ParOldGen       total 87040K, used 87026K [0x0000000080000000, 0x0000000085500000, 0x00000000d5580000)
  object space 87040K, 99% used [0x0000000080000000,0x00000000854fcb08,0x0000000085500000)
 Metaspace       used 6584K, capacity 7320K, committed 7680K, reserved 1056768K
  class space    used 614K, capacity 656K, committed 768K, reserved 1048576K
}
Event: 10.581 GC heap before
{Heap before GC invocations=14 (full 4):
 PSYoungGen      total 327680K, used 288256K [0x00000000d5580000, 0x00000000ef480000, 0x0000000100000000)
  eden space 288256K, 100% used [0x00000000d5580000,0x00000000e6f00000,0x00000000e6f00000)
  from space 39424K, 0% used [0x00000000ea580000,0x00000000ea580000,0x00000000ecc00000)
  to   space 55808K, 0% used [0x00000000e6f00000,0x00000000e6f00000,0x00000000ea580000)
 ParOldGen       total 87040K, used 87026K [0x0000000080000000, 0x0000000085500000, 0x00000000d5580000)
  object space 87040K, 99% used [0x0000000080000000,0x00000000854fcb08,0x0000000085500000)
 Metaspace       used 6590K, capacity 7320K, committed 7680K, reserved 1056768K
  class space    used 614K, capacity 656K, committed 768K, reserved 1048576K
Event: 11.428 GC heap after
Heap after GC invocations=14 (full 4):
 PSYoungGen      total 327680K, used 101703K [0x00000000d5580000, 0x00000000ef480000, 0x0000000100000000)
  eden space 288256K, 35% used [0x00000000d5580000,0x00000000db8d1c40,0x00000000e6f00000)
  from space 39424K, 0% used [0x00000000ea580000,0x00000000ea580000,0x00000000ecc00000)
  to   space 55808K, 0% used [0x00000000e6f00000,0x00000000e6f00000,0x00000000ea580000)
 ParOldGen       total 87040K, used 86747K [0x0000000080000000, 0x0000000085500000, 0x00000000d5580000)
  object space 87040K, 99% used [0x0000000080000000,0x00000000854b6d18,0x0000000085500000)
 Metaspace       used 6590K, capacity 7320K, committed 7680K, reserved 1056768K
  class space    used 614K, capacity 656K, committed 768K, reserved 1048576K
}
Event: 11.778 GC heap before
{Heap before GC invocations=15 (full 5):
 PSYoungGen      total 327680K, used 288256K [0x00000000d5580000, 0x00000000ef480000, 0x0000000100000000)
  eden space 288256K, 100% used [0x00000000d5580000,0x00000000e6f00000,0x00000000e6f00000)
  from space 39424K, 0% used [0x00000000ea580000,0x00000000ea580000,0x00000000ecc00000)
  to   space 55808K, 0% used [0x00000000e6f00000,0x00000000e6f00000,0x00000000ea580000)
 ParOldGen       total 87040K, used 86747K [0x0000000080000000, 0x0000000085500000, 0x00000000d5580000)
  object space 87040K, 99% used [0x0000000080000000,0x00000000854b6d18,0x0000000085500000)
 Metaspace       used 6590K, capacity 7320K, committed 7680K, reserved 1056768K
  class space    used 614K, capacity 656K, committed 768K, reserved 1048576K
Event: 12.954 GC heap after
Heap after GC invocations=15 (full 5):
 PSYoungGen      total 327680K, used 110434K [0x00000000d5580000, 0x00000000ef480000, 0x0000000100000000)
  eden space 288256K, 38% used [0x00000000d5580000,0x00000000dc158b80,0x00000000e6f00000)
  from space 39424K, 0% used [0x00000000ea580000,0x00000000ea580000,0x00000000ecc00000)
  to   space 55808K, 0% used [0x00000000e6f00000,0x00000000e6f00000,0x00000000ea580000)
 ParOldGen       total 87040K, used 86744K [0x0000000080000000, 0x0000000085500000, 0x00000000d5580000)
  object space 87040K, 99% used [0x0000000080000000,0x00000000854b6338,0x0000000085500000)
 Metaspace       used 6590K, capacity 7320K, committed 7680K, reserved 1056768K
  class space    used 614K, capacity 656K, committed 768K, reserved 1048576K
}
Event: 13.752 GC heap before
{Heap before GC invocations=16 (full 6):
 PSYoungGen      total 327680K, used 288256K [0x00000000d5580000, 0x00000000ef480000, 0x0000000100000000)
  eden space 288256K, 100% used [0x00000000d5580000,0x00000000e6f00000,0x00000000e6f00000)
  from space 39424K, 0% used [0x00000000ea580000,0x00000000ea580000,0x00000000ecc00000)
  to   space 55808K, 0% used [0x00000000e6f00000,0x00000000e6f00000,0x00000000ea580000)
 ParOldGen       total 87040K, used 86744K [0x0000000080000000, 0x0000000085500000, 0x00000000d5580000)
  object space 87040K, 99% used [0x0000000080000000,0x00000000854b6338,0x0000000085500000)
 Metaspace       used 6593K, capacity 7320K, committed 7680K, reserved 1056768K
  class space    used 614K, capacity 656K, committed 768K, reserved 1048576K
Event: 14.818 GC heap after
Heap after GC invocations=16 (full 6):
 PSYoungGen      total 327680K, used 137975K [0x00000000d5580000, 0x00000000ef480000, 0x0000000100000000)
  eden space 288256K, 47% used [0x00000000d5580000,0x00000000ddc3dd38,0x00000000e6f00000)
  from space 39424K, 0% used [0x00000000ea580000,0x00000000ea580000,0x00000000ecc00000)
  to   space 55808K, 0% used [0x00000000e6f00000,0x00000000e6f00000,0x00000000ea580000)
 ParOldGen       total 87040K, used 86743K [0x0000000080000000, 0x0000000085500000, 0x00000000d5580000)
  object space 87040K, 99% used [0x0000000080000000,0x00000000854b5e68,0x0000000085500000)
 Metaspace       used 6593K, capacity 7320K, committed 7680K, reserved 1056768K
  class space    used 614K, capacity 656K, committed 768K, reserved 1048576K
}
Event: 15.501 GC heap before
{Heap before GC invocations=17 (full 7):
 PSYoungGen      total 327680K, used 288256K [0x00000000d5580000, 0x00000000ef480000, 0x0000000100000000)
  eden space 288256K, 100% used [0x00000000d5580000,0x00000000e6f00000,0x00000000e6f00000)
  from space 39424K, 0% used [0x00000000ea580000,0x00000000ea580000,0x00000000ecc00000)
  to   space 55808K, 0% used [0x00000000e6f00000,0x00000000e6f00000,0x00000000ea580000)
 ParOldGen       total 87040K, used 86743K [0x0000000080000000, 0x0000000085500000, 0x00000000d5580000)
  object space 87040K, 99% used [0x0000000080000000,0x00000000854b5e68,0x0000000085500000)
 Metaspace       used 6594K, capacity 7320K, committed 7680K, reserved 1056768K
  class space    used 614K, capacity 656K, committed 768K, reserved 1048576K

