# JRE version: Java(TM) SE Runtime Environment (8.0_25-b18) (build 1.8.0_25-b18)
# Java VM: Java HotSpot(TM) 64-Bit Server VM (25.25-b02 mixed mode windows-amd64 compressed oops)
Heap:
 PSYoungGen      total 353280K, used 211461K [0x00000000d5580000, 0x00000000f2200000, 0x0000000100000000)
  eden space 296448K, 56% used [0x00000000d5580000,0x00000000df9c13d0,0x00000000e7700000)
  from space 56832K, 76% used [0x00000000e7700000,0x00000000ea1400e8,0x00000000eae80000)
  to   space 61952K, 0% used [0x00000000ee580000,0x00000000ee580000,0x00000000f2200000)
 ParOldGen       total 157184K, used 123755K [0x0000000080000000, 0x0000000089980000, 0x00000000d5580000)
  object space 157184K, 78% used [0x0000000080000000,0x00000000878dae30,0x0000000089980000)
 Metaspace       used 6540K, capacity 7320K, committed 7680K, reserved 1056768K
  class space    used 614K, capacity 656K, committed 768K, reserved 1048576K
GC Heap History (10 events):
Event: 4.892 GC heap before
{Heap before GC invocations=9 (full 1):
 PSYoungGen      total 265216K, used 19950K [0x00000000d5580000, 0x00000000e8280000, 0x0000000100000000)
  eden space 245248K, 0% used [0x00000000d5580000,0x00000000d5580000,0x00000000e4500000)
  from space 19968K, 99% used [0x00000000e6000000,0x00000000e737b980,0x00000000e7380000)
  to   space 27648K, 0% used [0x00000000e4500000,0x00000000e4500000,0x00000000e6000000)
 ParOldGen       total 44032K, used 33822K [0x0000000080000000, 0x0000000082b00000, 0x00000000d5580000)
  object space 44032K, 76% used [0x0000000080000000,0x00000000821079f0,0x0000000082b00000)
 Metaspace       used 6470K, capacity 7256K, committed 7424K, reserved 1056768K
  class space    used 613K, capacity 656K, committed 768K, reserved 1048576K
Event: 5.315 GC heap after
Heap after GC invocations=9 (full 1):
 PSYoungGen      total 265216K, used 7124K [0x00000000d5580000, 0x00000000e8280000, 0x0000000100000000)
  eden space 245248K, 0% used [0x00000000d5580000,0x00000000d5580000,0x00000000e4500000)
  from space 19968K, 35% used [0x00000000e6000000,0x00000000e66f52a8,0x00000000e7380000)
  to   space 27648K, 0% used [0x00000000e4500000,0x00000000e4500000,0x00000000e6000000)
 ParOldGen       total 82944K, used 43716K [0x0000000080000000, 0x0000000085100000, 0x00000000d5580000)
  object space 82944K, 52% used [0x0000000080000000,0x0000000082ab1348,0x0000000085100000)
 Metaspace       used 6470K, capacity 7256K, committed 7424K, reserved 1056768K
  class space    used 613K, capacity 656K, committed 768K, reserved 1048576K
}
Event: 6.841 GC heap before
{Heap before GC invocations=10 (full 1):
 PSYoungGen      total 265216K, used 252372K [0x00000000d5580000, 0x00000000e8280000, 0x0000000100000000)
  eden space 245248K, 100% used [0x00000000d5580000,0x00000000e4500000,0x00000000e4500000)
  from space 19968K, 35% used [0x00000000e6000000,0x00000000e66f52a8,0x00000000e7380000)
  to   space 27648K, 0% used [0x00000000e4500000,0x00000000e4500000,0x00000000e6000000)
 ParOldGen       total 82944K, used 43716K [0x0000000080000000, 0x0000000085100000, 0x00000000d5580000)
  object space 82944K, 52% used [0x0000000080000000,0x0000000082ab1348,0x0000000085100000)
 Metaspace       used 6505K, capacity 7320K, committed 7680K, reserved 1056768K
  class space    used 613K, capacity 656K, committed 768K, reserved 1048576K
Event: 7.017 GC heap after
Heap after GC invocations=10 (full 1):
 PSYoungGen      total 272896K, used 27642K [0x00000000d5580000, 0x00000000ed600000, 0x0000000100000000)
  eden space 245248K, 0% used [0x00000000d5580000,0x00000000d5580000,0x00000000e4500000)
  from space 27648K, 99% used [0x00000000e4500000,0x00000000e5ffe950,0x00000000e6000000)
  to   space 40448K, 0% used [0x00000000eae80000,0x00000000eae80000,0x00000000ed600000)
 ParOldGen       total 82944K, used 62917K [0x0000000080000000, 0x0000000085100000, 0x00000000d5580000)
  object space 82944K, 75% used [0x0000000080000000,0x0000000083d716c8,0x0000000085100000)
 Metaspace       used 6505K, capacity 7320K, committed 7680K, reserved 1056768K
  class space    used 613K, capacity 656K, committed 768K, reserved 1048576K
}
Event: 8.799 GC heap before
{Heap before GC invocations=11 (full 1):
 PSYoungGen      total 272896K, used 272890K [0x00000000d5580000, 0x00000000ed600000, 0x0000000100000000)
  eden space 245248K, 100% used [0x00000000d5580000,0x00000000e4500000,0x00000000e4500000)
  from space 27648K, 99% used [0x00000000e4500000,0x00000000e5ffe950,0x00000000e6000000)
  to   space 40448K, 0% used [0x00000000eae80000,0x00000000eae80000,0x00000000ed600000)
 ParOldGen       total 82944K, used 62917K [0x0000000080000000, 0x0000000085100000, 0x00000000d5580000)
  object space 82944K, 75% used [0x0000000080000000,0x0000000083d716c8,0x0000000085100000)
 Metaspace       used 6517K, capacity 7320K, committed 7680K, reserved 1056768K
  class space    used 613K, capacity 656K, committed 768K, reserved 1048576K
Event: 8.973 GC heap after
Heap after GC invocations=11 (full 1):
 PSYoungGen      total 336896K, used 40421K [0x00000000d5580000, 0x00000000ef900000, 0x0000000100000000)
  eden space 296448K, 0% used [0x00000000d5580000,0x00000000d5580000,0x00000000e7700000)
  from space 40448K, 99% used [0x00000000eae80000,0x00000000ed5f9640,0x00000000ed600000)
  to   space 56832K, 0% used [0x00000000e7700000,0x00000000e7700000,0x00000000eae80000)
 ParOldGen       total 88576K, used 88456K [0x0000000080000000, 0x0000000085680000, 0x00000000d5580000)
  object space 88576K, 99% used [0x0000000080000000,0x0000000085662208,0x0000000085680000)
 Metaspace       used 6517K, capacity 7320K, committed 7680K, reserved 1056768K
  class space    used 613K, capacity 656K, committed 768K, reserved 1048576K
}
Event: 8.973 GC heap before
{Heap before GC invocations=12 (full 2):
 PSYoungGen      total 336896K, used 40421K [0x00000000d5580000, 0x00000000ef900000, 0x0000000100000000)
  eden space 296448K, 0% used [0x00000000d5580000,0x00000000d5580000,0x00000000e7700000)
  from space 40448K, 99% used [0x00000000eae80000,0x00000000ed5f9640,0x00000000ed600000)
  to   space 56832K, 0% used [0x00000000e7700000,0x00000000e7700000,0x00000000eae80000)
 ParOldGen       total 88576K, used 88456K [0x0000000080000000, 0x0000000085680000, 0x00000000d5580000)
  object space 88576K, 99% used [0x0000000080000000,0x0000000085662208,0x0000000085680000)
 Metaspace       used 6517K, capacity 7320K, committed 7680K, reserved 1056768K
  class space    used 613K, capacity 656K, committed 768K, reserved 1048576K
Event: 10.281 GC heap after
Heap after GC invocations=12 (full 2):
 PSYoungGen      total 336896K, used 35645K [0x00000000d5580000, 0x00000000ef900000, 0x0000000100000000)
  eden space 296448K, 0% used [0x00000000d5580000,0x00000000d5580000,0x00000000e7700000)
  from space 40448K, 88% used [0x00000000eae80000,0x00000000ed14f628,0x00000000ed600000)
  to   space 56832K, 0% used [0x00000000e7700000,0x00000000e7700000,0x00000000eae80000)
 ParOldGen       total 157184K, used 88445K [0x0000000080000000, 0x0000000089980000, 0x00000000d5580000)
  object space 157184K, 56% used [0x0000000080000000,0x000000008565f6c0,0x0000000089980000)
 Metaspace       used 6517K, capacity 7320K, committed 7680K, reserved 1056768K
  class space    used 613K, capacity 656K, committed 768K, reserved 1048576K
}
Event: 12.402 GC heap before
{Heap before GC invocations=13 (full 2):
 PSYoungGen      total 336896K, used 332093K [0x00000000d5580000, 0x00000000ef900000, 0x0000000100000000)
  eden space 296448K, 100% used [0x00000000d5580000,0x00000000e7700000,0x00000000e7700000)
  from space 40448K, 88% used [0x00000000eae80000,0x00000000ed14f628,0x00000000ed600000)
  to   space 56832K, 0% used [0x00000000e7700000,0x00000000e7700000,0x00000000eae80000)
 ParOldGen       total 157184K, used 88445K [0x0000000080000000, 0x0000000089980000, 0x00000000d5580000)
  object space 157184K, 56% used [0x0000000080000000,0x000000008565f6c0,0x0000000089980000)
 Metaspace       used 6536K, capacity 7320K, committed 7680K, reserved 1056768K
  class space    used 613K, capacity 656K, committed 768K, reserved 1048576K
Event: 12.605 GC heap after
Heap after GC invocations=13 (full 2):
 PSYoungGen      total 353280K, used 43264K [0x00000000d5580000, 0x00000000f2200000, 0x0000000100000000)
  eden space 296448K, 0% used [0x00000000d5580000,0x00000000d5580000,0x00000000e7700000)
  from space 56832K, 76% used [0x00000000e7700000,0x00000000ea1400e8,0x00000000eae80000)
  to   space 61952K, 0% used [0x00000000ee580000,0x00000000ee580000,0x00000000f2200000)
 ParOldGen       total 157184K, used 123755K [0x0000000080000000, 0x0000000089980000, 0x00000000d5580000)
  object space 157184K, 78% used [0x0000000080000000,0x00000000878dae30,0x0000000089980000)
 Metaspace       used 6536K, capacity 7320K, committed 7680K, reserved 1056768K
  class space    used 613K, capacity 656K, committed 768K, reserved 1048576K
}

