# JRE version: Java(TM) SE Runtime Environment (8.0_25-b18) (build 1.8.0_25-b18)
# Java VM: Java HotSpot(TM) 64-Bit Server VM (25.25-b02 mixed mode windows-amd64 compressed oops)
Heap:
 PSYoungGen      total 435712K, used 271913K [0x00000000d5580000, 0x00000000f7780000, 0x0000000100000000)
  eden space 340992K, 79% used [0x00000000d5580000,0x00000000e5f0a7b0,0x00000000ea280000)
  from space 94720K, 0% used [0x00000000ea280000,0x00000000ea280000,0x00000000eff00000)
  to   space 76800K, 0% used [0x00000000eff00000,0x00000000eff00000,0x00000000f4a00000)
 ParOldGen       total 280576K, used 280563K [0x0000000080000000, 0x0000000091200000, 0x00000000d5580000)
  object space 280576K, 99% used [0x0000000080000000,0x00000000911fcd30,0x0000000091200000)
 Metaspace       used 6592K, capacity 7320K, committed 7680K, reserved 1056768K
  class space    used 616K, capacity 656K, committed 768K, reserved 1048576K
GC Heap History (10 events):
Event: 40.765 GC heap before
{Heap before GC invocations=16 (full 3):
 PSYoungGen      total 375296K, used 348038K [0x00000000d5580000, 0x00000000f2380000, 0x0000000100000000)
  eden space 313856K, 100% used [0x00000000d5580000,0x00000000e8800000,0x00000000e8800000)
  from space 61440K, 55% used [0x00000000ed280000,0x00000000ef3e1ad8,0x00000000f0e80000)
  to   space 76288K, 0% used [0x00000000e8800000,0x00000000e8800000,0x00000000ed280000)
 ParOldGen       total 254464K, used 155384K [0x0000000080000000, 0x000000008f880000, 0x00000000d5580000)
  object space 254464K, 61% used [0x0000000080000000,0x00000000897be320,0x000000008f880000)
 Metaspace       used 6570K, capacity 7320K, committed 7680K, reserved 1056768K
  class space    used 616K, capacity 656K, committed 768K, reserved 1048576K
Event: 40.893 GC heap after
Heap after GC invocations=16 (full 3):
 PSYoungGen      total 390144K, used 40794K [0x00000000d5580000, 0x00000000f4a00000, 0x0000000100000000)
  eden space 313856K, 0% used [0x00000000d5580000,0x00000000d5580000,0x00000000e8800000)
  from space 76288K, 53% used [0x00000000e8800000,0x00000000eafd6b08,0x00000000ed280000)
  to   space 76800K, 0% used [0x00000000eff00000,0x00000000eff00000,0x00000000f4a00000)
 ParOldGen       total 254464K, used 189861K [0x0000000080000000, 0x000000008f880000, 0x00000000d5580000)
  object space 254464K, 74% used [0x0000000080000000,0x000000008b9696e8,0x000000008f880000)
 Metaspace       used 6570K, capacity 7320K, committed 7680K, reserved 1056768K
  class space    used 616K, capacity 656K, committed 768K, reserved 1048576K
}
Event: 41.787 GC heap before
{Heap before GC invocations=17 (full 3):
 PSYoungGen      total 390144K, used 354650K [0x00000000d5580000, 0x00000000f4a00000, 0x0000000100000000)
  eden space 313856K, 100% used [0x00000000d5580000,0x00000000e8800000,0x00000000e8800000)
  from space 76288K, 53% used [0x00000000e8800000,0x00000000eafd6b08,0x00000000ed280000)
  to   space 76800K, 0% used [0x00000000eff00000,0x00000000eff00000,0x00000000f4a00000)
 ParOldGen       total 254464K, used 189861K [0x0000000080000000, 0x000000008f880000, 0x00000000d5580000)
  object space 254464K, 74% used [0x0000000080000000,0x000000008b9696e8,0x000000008f880000)
 Metaspace       used 6580K, capacity 7320K, committed 7680K, reserved 1056768K
  class space    used 616K, capacity 656K, committed 768K, reserved 1048576K
Event: 41.905 GC heap after
Heap after GC invocations=17 (full 3):
 PSYoungGen      total 417792K, used 76793K [0x00000000d5580000, 0x00000000f7780000, 0x0000000100000000)
  eden space 340992K, 0% used [0x00000000d5580000,0x00000000d5580000,0x00000000ea280000)
  from space 76800K, 99% used [0x00000000eff00000,0x00000000f49fe580,0x00000000f4a00000)
  to   space 94720K, 0% used [0x00000000ea280000,0x00000000ea280000,0x00000000eff00000)
 ParOldGen       total 254464K, used 203196K [0x0000000080000000, 0x000000008f880000, 0x00000000d5580000)
  object space 254464K, 79% used [0x0000000080000000,0x000000008c66f0c0,0x000000008f880000)
 Metaspace       used 6580K, capacity 7320K, committed 7680K, reserved 1056768K
  class space    used 616K, capacity 656K, committed 768K, reserved 1048576K
}
Event: 43.189 GC heap before
{Heap before GC invocations=18 (full 3):
 PSYoungGen      total 417792K, used 417785K [0x00000000d5580000, 0x00000000f7780000, 0x0000000100000000)
  eden space 340992K, 100% used [0x00000000d5580000,0x00000000ea280000,0x00000000ea280000)
  from space 76800K, 99% used [0x00000000eff00000,0x00000000f49fe580,0x00000000f4a00000)
  to   space 94720K, 0% used [0x00000000ea280000,0x00000000ea280000,0x00000000eff00000)
 ParOldGen       total 254464K, used 203196K [0x0000000080000000, 0x000000008f880000, 0x00000000d5580000)
  object space 254464K, 79% used [0x0000000080000000,0x000000008c66f0c0,0x000000008f880000)
 Metaspace       used 6586K, capacity 7320K, committed 7680K, reserved 1056768K
  class space    used 616K, capacity 656K, committed 768K, reserved 1048576K
Event: 43.357 GC heap after
Heap after GC invocations=18 (full 3):
 PSYoungGen      total 435712K, used 55151K [0x00000000d5580000, 0x00000000f7780000, 0x0000000100000000)
  eden space 340992K, 0% used [0x00000000d5580000,0x00000000d5580000,0x00000000ea280000)
  from space 94720K, 58% used [0x00000000ea280000,0x00000000ed85bd28,0x00000000eff00000)
  to   space 76800K, 0% used [0x00000000eff00000,0x00000000eff00000,0x00000000f4a00000)
 ParOldGen       total 280576K, used 280070K [0x0000000080000000, 0x0000000091200000, 0x00000000d5580000)
  object space 280576K, 99% used [0x0000000080000000,0x00000000911818b8,0x0000000091200000)
 Metaspace       used 6586K, capacity 7320K, committed 7680K, reserved 1056768K
  class space    used 616K, capacity 656K, committed 768K, reserved 1048576K
}
Event: 43.357 GC heap before
{Heap before GC invocations=19 (full 4):
 PSYoungGen      total 435712K, used 55151K [0x00000000d5580000, 0x00000000f7780000, 0x0000000100000000)
  eden space 340992K, 0% used [0x00000000d5580000,0x00000000d5580000,0x00000000ea280000)
  from space 94720K, 58% used [0x00000000ea280000,0x00000000ed85bd28,0x00000000eff00000)
  to   space 76800K, 0% used [0x00000000eff00000,0x00000000eff00000,0x00000000f4a00000)
 ParOldGen       total 280576K, used 280070K [0x0000000080000000, 0x0000000091200000, 0x00000000d5580000)
  object space 280576K, 99% used [0x0000000080000000,0x00000000911818b8,0x0000000091200000)
 Metaspace       used 6586K, capacity 7320K, committed 7680K, reserved 1056768K
  class space    used 616K, capacity 656K, committed 768K, reserved 1048576K
Event: 47.419 GC heap after
Heap after GC invocations=19 (full 4):
 PSYoungGen      total 435712K, used 48696K [0x00000000d5580000, 0x00000000f7780000, 0x0000000100000000)
  eden space 340992K, 0% used [0x00000000d5580000,0x00000000d5580000,0x00000000ea280000)
  from space 94720K, 51% used [0x00000000ea280000,0x00000000ed20e378,0x00000000eff00000)
  to   space 76800K, 0% used [0x00000000eff00000,0x00000000eff00000,0x00000000f4a00000)
 ParOldGen       total 280576K, used 280524K [0x0000000080000000, 0x0000000091200000, 0x00000000d5580000)
  object space 280576K, 99% used [0x0000000080000000,0x00000000911f3298,0x0000000091200000)
 Metaspace       used 6586K, capacity 7320K, committed 7680K, reserved 1056768K
  class space    used 616K, capacity 656K, committed 768K, reserved 1048576K
}
Event: 63.725 GC heap before
{Heap before GC invocations=20 (full 5):
 PSYoungGen      total 435712K, used 389688K [0x00000000d5580000, 0x00000000f7780000, 0x0000000100000000)
  eden space 340992K, 100% used [0x00000000d5580000,0x00000000ea280000,0x00000000ea280000)
  from space 94720K, 51% used [0x00000000ea280000,0x00000000ed20e378,0x00000000eff00000)
  to   space 76800K, 0% used [0x00000000eff00000,0x00000000eff00000,0x00000000f4a00000)
 ParOldGen       total 280576K, used 280524K [0x0000000080000000, 0x0000000091200000, 0x00000000d5580000)
  object space 280576K, 99% used [0x0000000080000000,0x00000000911f3298,0x0000000091200000)
 Metaspace       used 6592K, capacity 7320K, committed 7680K, reserved 1056768K
  class space    used 616K, capacity 656K, committed 768K, reserved 1048576K
Event: 65.507 GC heap after
Heap after GC invocations=20 (full 5):
 PSYoungGen      total 435712K, used 102863K [0x00000000d5580000, 0x00000000f7780000, 0x0000000100000000)
  eden space 340992K, 30% used [0x00000000d5580000,0x00000000db9f3cf0,0x00000000ea280000)
  from space 94720K, 0% used [0x00000000ea280000,0x00000000ea280000,0x00000000eff00000)
  to   space 76800K, 0% used [0x00000000eff00000,0x00000000eff00000,0x00000000f4a00000)
 ParOldGen       total 280576K, used 280563K [0x0000000080000000, 0x0000000091200000, 0x00000000d5580000)
  object space 280576K, 99% used [0x0000000080000000,0x00000000911fcd30,0x0000000091200000)
 Metaspace       used 6592K, capacity 7320K, committed 7680K, reserved 1056768K
  class space    used 616K, capacity 656K, committed 768K, reserved 1048576K
}

