# JRE version: Java(TM) SE Runtime Environment (8.0_25-b18) (build 1.8.0_25-b18)
# Java VM: Java HotSpot(TM) 64-Bit Server VM (25.25-b02 mixed mode windows-amd64 compressed oops)
Heap:
 PSYoungGen      total 304640K, used 109989K [0x00000000d5580000, 0x00000000edf00000, 0x0000000100000000)
  eden space 256000K, 42% used [0x00000000d5580000,0x00000000dc0e9520,0x00000000e4f80000)
  from space 48640K, 0% used [0x00000000eaf80000,0x00000000eaf80000,0x00000000edf00000)
  to   space 42496K, 0% used [0x00000000e4f80000,0x00000000e4f80000,0x00000000e7900000)
 ParOldGen       total 153600K, used 153453K [0x0000000080000000, 0x0000000089600000, 0x00000000d5580000)
  object space 153600K, 99% used [0x0000000080000000,0x00000000895db6f8,0x0000000089600000)
 Metaspace       used 6596K, capacity 7320K, committed 7680K, reserved 1056768K
  class space    used 615K, capacity 656K, committed 768K, reserved 1048576K
GC Heap History (10 events):
Event: 9.203 GC heap before
{Heap before GC invocations=13 (full 1):
 PSYoungGen      total 225280K, used 225262K [0x00000000d5580000, 0x00000000e9e80000, 0x0000000100000000)
  eden space 198144K, 100% used [0x00000000d5580000,0x00000000e1700000,0x00000000e1700000)
  from space 27136K, 99% used [0x00000000e1700000,0x00000000e317b9d8,0x00000000e3180000)
  to   space 38400K, 0% used [0x00000000e7900000,0x00000000e7900000,0x00000000e9e80000)
 ParOldGen       total 81408K, used 61699K [0x0000000080000000, 0x0000000084f80000, 0x00000000d5580000)
  object space 81408K, 75% used [0x0000000080000000,0x0000000083c40c18,0x0000000084f80000)
 Metaspace       used 6551K, capacity 7320K, committed 7680K, reserved 1056768K
  class space    used 614K, capacity 656K, committed 768K, reserved 1048576K
Event: 9.301 GC heap after
Heap after GC invocations=13 (full 1):
 PSYoungGen      total 294400K, used 31267K [0x00000000d5580000, 0x00000000ea900000, 0x0000000100000000)
  eden space 256000K, 0% used [0x00000000d5580000,0x00000000d5580000,0x00000000e4f80000)
  from space 38400K, 81% used [0x00000000e7900000,0x00000000e9788ed0,0x00000000e9e80000)
  to   space 42496K, 0% used [0x00000000e4f80000,0x00000000e4f80000,0x00000000e7900000)
 ParOldGen       total 89088K, used 88764K [0x0000000080000000, 0x0000000085700000, 0x00000000d5580000)
  object space 89088K, 99% used [0x0000000080000000,0x00000000856af2f8,0x0000000085700000)
 Metaspace       used 6551K, capacity 7320K, committed 7680K, reserved 1056768K
  class space    used 614K, capacity 656K, committed 768K, reserved 1048576K
}
Event: 9.301 GC heap before
{Heap before GC invocations=14 (full 2):
 PSYoungGen      total 294400K, used 31267K [0x00000000d5580000, 0x00000000ea900000, 0x0000000100000000)
  eden space 256000K, 0% used [0x00000000d5580000,0x00000000d5580000,0x00000000e4f80000)
  from space 38400K, 81% used [0x00000000e7900000,0x00000000e9788ed0,0x00000000e9e80000)
  to   space 42496K, 0% used [0x00000000e4f80000,0x00000000e4f80000,0x00000000e7900000)
 ParOldGen       total 89088K, used 88764K [0x0000000080000000, 0x0000000085700000, 0x00000000d5580000)
  object space 89088K, 99% used [0x0000000080000000,0x00000000856af2f8,0x0000000085700000)
 Metaspace       used 6551K, capacity 7320K, committed 7680K, reserved 1056768K
  class space    used 614K, capacity 656K, committed 768K, reserved 1048576K
Event: 10.007 GC heap after
Heap after GC invocations=14 (full 2):
 PSYoungGen      total 294400K, used 26980K [0x00000000d5580000, 0x00000000ea900000, 0x0000000100000000)
  eden space 256000K, 0% used [0x00000000d5580000,0x00000000d5580000,0x00000000e4f80000)
  from space 38400K, 70% used [0x00000000e7900000,0x00000000e9359170,0x00000000e9e80000)
  to   space 42496K, 0% used [0x00000000e4f80000,0x00000000e4f80000,0x00000000e7900000)
 ParOldGen       total 153600K, used 88595K [0x0000000080000000, 0x0000000089600000, 0x00000000d5580000)
  object space 153600K, 57% used [0x0000000080000000,0x0000000085684e68,0x0000000089600000)
 Metaspace       used 6551K, capacity 7320K, committed 7680K, reserved 1056768K
  class space    used 614K, capacity 656K, committed 768K, reserved 1048576K
}
Event: 11.038 GC heap before
{Heap before GC invocations=15 (full 2):
 PSYoungGen      total 294400K, used 282980K [0x00000000d5580000, 0x00000000ea900000, 0x0000000100000000)
  eden space 256000K, 100% used [0x00000000d5580000,0x00000000e4f80000,0x00000000e4f80000)
  from space 38400K, 70% used [0x00000000e7900000,0x00000000e9359170,0x00000000e9e80000)
  to   space 42496K, 0% used [0x00000000e4f80000,0x00000000e4f80000,0x00000000e7900000)
 ParOldGen       total 153600K, used 88595K [0x0000000080000000, 0x0000000089600000, 0x00000000d5580000)
  object space 153600K, 57% used [0x0000000080000000,0x0000000085684e68,0x0000000089600000)
 Metaspace       used 6563K, capacity 7320K, committed 7680K, reserved 1056768K
  class space    used 614K, capacity 656K, committed 768K, reserved 1048576K
Event: 11.159 GC heap after
Heap after GC invocations=15 (full 2):
 PSYoungGen      total 298496K, used 39032K [0x00000000d5580000, 0x00000000edf00000, 0x0000000100000000)
  eden space 256000K, 0% used [0x00000000d5580000,0x00000000d5580000,0x00000000e4f80000)
  from space 42496K, 91% used [0x00000000e4f80000,0x00000000e759e3e8,0x00000000e7900000)
  to   space 48640K, 0% used [0x00000000eaf80000,0x00000000eaf80000,0x00000000edf00000)
 ParOldGen       total 153600K, used 114075K [0x0000000080000000, 0x0000000089600000, 0x00000000d5580000)
  object space 153600K, 74% used [0x0000000080000000,0x0000000086f66db0,0x0000000089600000)
 Metaspace       used 6563K, capacity 7320K, committed 7680K, reserved 1056768K
  class space    used 614K, capacity 656K, committed 768K, reserved 1048576K
}
Event: 12.123 GC heap before
{Heap before GC invocations=16 (full 2):
 PSYoungGen      total 298496K, used 295032K [0x00000000d5580000, 0x00000000edf00000, 0x0000000100000000)
  eden space 256000K, 100% used [0x00000000d5580000,0x00000000e4f80000,0x00000000e4f80000)
  from space 42496K, 91% used [0x00000000e4f80000,0x00000000e759e3e8,0x00000000e7900000)
  to   space 48640K, 0% used [0x00000000eaf80000,0x00000000eaf80000,0x00000000edf00000)
 ParOldGen       total 153600K, used 114075K [0x0000000080000000, 0x0000000089600000, 0x00000000d5580000)
  object space 153600K, 74% used [0x0000000080000000,0x0000000086f66db0,0x0000000089600000)
 Metaspace       used 6578K, capacity 7320K, committed 7680K, reserved 1056768K
  class space    used 615K, capacity 656K, committed 768K, reserved 1048576K
Event: 14.254 GC heap after
Heap after GC invocations=16 (full 2):
 PSYoungGen      total 304640K, used 48616K [0x00000000d5580000, 0x00000000edf00000, 0x0000000100000000)
  eden space 256000K, 0% used [0x00000000d5580000,0x00000000d5580000,0x00000000e4f80000)
  from space 48640K, 99% used [0x00000000eaf80000,0x00000000edefa140,0x00000000edf00000)
  to   space 42496K, 0% used [0x00000000e4f80000,0x00000000e4f80000,0x00000000e7900000)
 ParOldGen       total 153600K, used 143848K [0x0000000080000000, 0x0000000089600000, 0x00000000d5580000)
  object space 153600K, 93% used [0x0000000080000000,0x0000000088c7a3d0,0x0000000089600000)
 Metaspace       used 6578K, capacity 7320K, committed 7680K, reserved 1056768K
  class space    used 615K, capacity 656K, committed 768K, reserved 1048576K
}
Event: 14.254 GC heap before
{Heap before GC invocations=17 (full 3):
 PSYoungGen      total 304640K, used 48616K [0x00000000d5580000, 0x00000000edf00000, 0x0000000100000000)
  eden space 256000K, 0% used [0x00000000d5580000,0x00000000d5580000,0x00000000e4f80000)
  from space 48640K, 99% used [0x00000000eaf80000,0x00000000edefa140,0x00000000edf00000)
  to   space 42496K, 0% used [0x00000000e4f80000,0x00000000e4f80000,0x00000000e7900000)
 ParOldGen       total 153600K, used 143848K [0x0000000080000000, 0x0000000089600000, 0x00000000d5580000)
  object space 153600K, 93% used [0x0000000080000000,0x0000000088c7a3d0,0x0000000089600000)
 Metaspace       used 6578K, capacity 7320K, committed 7680K, reserved 1056768K
  class space    used 615K, capacity 656K, committed 768K, reserved 1048576K
Event: 19.326 GC heap after
Heap after GC invocations=17 (full 3):
 PSYoungGen      total 304640K, used 35202K [0x00000000d5580000, 0x00000000edf00000, 0x0000000100000000)
  eden space 256000K, 0% used [0x00000000d5580000,0x00000000d5580000,0x00000000e4f80000)
  from space 48640K, 72% used [0x00000000eaf80000,0x00000000ed1e09a0,0x00000000edf00000)
  to   space 42496K, 0% used [0x00000000e4f80000,0x00000000e4f80000,0x00000000e7900000)
 ParOldGen       total 153600K, used 153092K [0x0000000080000000, 0x0000000089600000, 0x00000000d5580000)
  object space 153600K, 99% used [0x0000000080000000,0x0000000089581358,0x0000000089600000)
 Metaspace       used 6578K, capacity 7320K, committed 7680K, reserved 1056768K
  class space    used 615K, capacity 656K, committed 768K, reserved 1048576K
}

